<?xml version="1.0" encoding="UTF-8"?>
<testsuite xmlns:xsi="http://www.w3.org/2001/XMLSchema-instance" xsi:noNamespaceSchemaLocation="https://maven.apache.org/surefire/maven-surefire-plugin/xsd/surefire-test-report.xsd" name="com.gestorelibreria.AppTest" time="0.057" tests="1" errors="0" skipped="0" failures="0">
  <properties>
    <property name="java.specification.version" value="22"/>
    <property name="sun.cpu.isalist" value="amd64"/>
    <property name="sun.jnu.encoding" value="Cp1252"/>
    <property name="java.class.path" value="C:\Users\roman\.projects\gestore-libreria-personale\target\test-classes;C:\Users\roman\.projects\gestore-libreria-personale\target\classes;C:\Users\roman\.m2\repository\junit\junit\4.11\junit-4.11.jar;C:\Users\roman\.m2\repository\org\hamcrest\hamcrest-core\1.3\hamcrest-core-1.3.jar;C:\Users\roman\.m2\repository\org\openjfx\javafx-controls\24.0.1\javafx-controls-24.0.1.jar;C:\Users\roman\.m2\repository\org\openjfx\javafx-controls\24.0.1\javafx-controls-24.0.1-win.jar;C:\Users\roman\.m2\repository\org\openjfx\javafx-graphics\24.0.1\javafx-graphics-24.0.1.jar;C:\Users\roman\.m2\repository\org\openjfx\javafx-graphics\24.0.1\javafx-graphics-24.0.1-win.jar;C:\Users\roman\.m2\repository\org\openjfx\javafx-base\24.0.1\javafx-base-24.0.1.jar;C:\Users\roman\.m2\repository\org\openjfx\javafx-base\24.0.1\javafx-base-24.0.1-win.jar;C:\Users\roman\.m2\repository\org\openjfx\javafx-fxml\24.0.1\javafx-fxml-24.0.1.jar;C:\Users\roman\.m2\repository\org\openjfx\javafx-fxml\24.0.1\javafx-fxml-24.0.1-win.jar;C:\Users\roman\.m2\repository\com\google\code\gson\gson\2.10.1\gson-2.10.1.jar;"/>
    <property name="java.vm.vendor" value="Oracle Corporation"/>
    <property name="sun.arch.data.model" value="64"/>
    <property name="user.variant" value=""/>
    <property name="java.vendor.url" value="https://java.oracle.com/"/>
    <property name="user.timezone" value="Europe/Rome"/>
    <property name="os.name" value="Windows 11"/>
    <property name="java.vm.specification.version" value="22"/>
    <property name="sun.java.launcher" value="SUN_STANDARD"/>
    <property name="user.country" value="IT"/>
    <property name="sun.boot.library.path" value="C:\Program Files\Java\jdk-22\bin"/>
    <property name="sun.java.command" value="C:\Users\roman\AppData\Local\Temp\surefire5400886492488705839\surefirebooter6720635493453216533.jar C:\Users\roman\AppData\Local\Temp\surefire5400886492488705839 2025-08-04T17-14-41_078-jvmRun1 surefire16357585506962427677tmp surefire_09831193389539477860tmp"/>
    <property name="jdk.debug" value="release"/>
    <property name="surefire.test.class.path" value="C:\Users\roman\.projects\gestore-libreria-personale\target\test-classes;C:\Users\roman\.projects\gestore-libreria-personale\target\classes;C:\Users\roman\.m2\repository\junit\junit\4.11\junit-4.11.jar;C:\Users\roman\.m2\repository\org\hamcrest\hamcrest-core\1.3\hamcrest-core-1.3.jar;C:\Users\roman\.m2\repository\org\openjfx\javafx-controls\24.0.1\javafx-controls-24.0.1.jar;C:\Users\roman\.m2\repository\org\openjfx\javafx-controls\24.0.1\javafx-controls-24.0.1-win.jar;C:\Users\roman\.m2\repository\org\openjfx\javafx-graphics\24.0.1\javafx-graphics-24.0.1.jar;C:\Users\roman\.m2\repository\org\openjfx\javafx-graphics\24.0.1\javafx-graphics-24.0.1-win.jar;C:\Users\roman\.m2\repository\org\openjfx\javafx-base\24.0.1\javafx-base-24.0.1.jar;C:\Users\roman\.m2\repository\org\openjfx\javafx-base\24.0.1\javafx-base-24.0.1-win.jar;C:\Users\roman\.m2\repository\org\openjfx\javafx-fxml\24.0.1\javafx-fxml-24.0.1.jar;C:\Users\roman\.m2\repository\org\openjfx\javafx-fxml\24.0.1\javafx-fxml-24.0.1-win.jar;C:\Users\roman\.m2\repository\com\google\code\gson\gson\2.10.1\gson-2.10.1.jar;"/>
    <property name="sun.cpu.endian" value="little"/>
    <property name="user.home" value="C:\Users\roman"/>
    <property name="user.language" value="it"/>
    <property name="java.specification.vendor" value="Oracle Corporation"/>
    <property name="java.version.date" value="2024-07-16"/>
    <property name="java.home" value="C:\Program Files\Java\jdk-22"/>
    <property name="file.separator" value="\"/>
    <property name="basedir" value="C:\Users\roman\.projects\gestore-libreria-personale"/>
    <property name="java.vm.compressedOopsMode" value="Zero based"/>
    <property name="line.separator" value="&#10;"/>
    <property name="java.vm.specification.vendor" value="Oracle Corporation"/>
    <property name="java.specification.name" value="Java Platform API Specification"/>
    <property name="surefire.real.class.path" value="C:\Users\roman\AppData\Local\Temp\surefire5400886492488705839\surefirebooter6720635493453216533.jar"/>
    <property name="user.script" value=""/>
    <property name="sun.management.compiler" value="HotSpot 64-Bit Tiered Compilers"/>
    <property name="java.runtime.version" value="22.0.2+9-70"/>
    <property name="user.name" value="roman"/>
    <property name="stdout.encoding" value="Cp1252"/>
    <property name="path.separator" value=";"/>
    <property name="os.version" value="10.0"/>
    <property name="java.runtime.name" value="Java(TM) SE Runtime Environment"/>
    <property name="file.encoding" value="UTF-8"/>
    <property name="java.vm.name" value="Java HotSpot(TM) 64-Bit Server VM"/>
    <property name="localRepository" value="C:\Users\roman\.m2\repository"/>
    <property name="java.vendor.url.bug" value="https://bugreport.java.com/bugreport/"/>
    <property name="java.io.tmpdir" value="C:\Users\roman\AppData\Local\Temp\"/>
    <property name="java.version" value="22.0.2"/>
    <property name="user.dir" value="C:\Users\roman\.projects\gestore-libreria-personale"/>
    <property name="os.arch" value="amd64"/>
    <property name="java.vm.specification.name" value="Java Virtual Machine Specification"/>
    <property name="sun.os.patch.level" value=""/>
    <property name="native.encoding" value="Cp1252"/>
    <property name="java.library.path" value="C:\Program Files\Java\jdk-22\bin;C:\WINDOWS\Sun\Java\bin;C:\WINDOWS\system32;C:\WINDOWS;C:\Program Files\Common Files\Oracle\Java\javapath;C:\Windows\system32;C:\Windows;C:\Windows\System32\Wbem;C:\Windows\System32\WindowsPowerShell\v1.0\;C:\Windows\System32\OpenSSH\;C:\Program Files (x86)\NVIDIA Corporation\PhysX\Common;C:\WINDOWS\system32;C:\WINDOWS;C:\WINDOWS\System32\Wbem;C:\WINDOWS\System32\WindowsPowerShell\v1.0\;C:\WINDOWS\System32\OpenSSH\;C:\Program Files\dotnet\;C:\Program Files\Git\cmd;C:\Program Files\Maven\apache-maven-3.9.9\bin;C:\Program Files\Calibre2\;C:\Program Files\nodejs\;C:\Users\roman\AppData\Local\Microsoft\WindowsApps;C:\Users\roman\AppData\Local\Programs\Microsoft VS Code\bin;C:\Users\roman\AppData\Local\Microsoft\WinGet\Packages\Schniz.fnm_Microsoft.Winget.Source_8wekyb3d8bbwe;C:\Users\roman\AppData\Roaming\npm;c:\Users\roman\AppData\Roaming\Code\User\globalStorage\github.copilot-chat\debugCommand;."/>
    <property name="java.vm.info" value="mixed mode, sharing"/>
    <property name="stderr.encoding" value="Cp1252"/>
    <property name="java.vendor" value="Oracle Corporation"/>
    <property name="java.vm.version" value="22.0.2+9-70"/>
    <property name="sun.io.unicode.encoding" value="UnicodeLittle"/>
    <property name="java.class.version" value="66.0"/>
  </properties>
  <testcase name="shouldAnswerWithTrue" classname="com.gestorelibreria.AppTest" time="0.007"/>
</testsuite>